[2022-11-21 03:07:23,837] multiqc                                            [DEBUG  ]  This is MultiQC v1.13
[2022-11-21 03:07:23,840] multiqc                                            [DEBUG  ]  Loading config settings from: /home/sk_ounce/multiqc_configs/multiqc_config.yaml
[2022-11-21 03:07:23,840] multiqc                                            [DEBUG  ]  New config: {'module_order': [{'fastqc': {'name': 'FastQC (raw)', 'path_filters': ['*_fastqc.zip'], 'path_filters_exclude': ['*_trimmed_fastqc.zip']}}, 'bbmap', {'fastqc': {'name': 'FastQC (trimmed)', 'info': 'This section of the report shows FastQC results after adapter trimming.', 'target': '', 'path_filters': ['*_trimmed_fastqc.zip']}}, 'hisat2', 'bowtie2', 'rna_seqc', 'sambamba', 'samtools', 'featureCounts', 'homer', 'macs2']}
[2022-11-21 03:07:23,840] multiqc                                            [DEBUG  ]  Command used: /home/sk_ounce/anaconda3/bin/multiqc --module fastqc --module bbmap --force --outdir /home/sk_ounce/project/QC/Ren_2021/ChIP-seq/Trimmed/ -c /home/sk_ounce/multiqc_configs/multiqc_config.yaml -n multiqc_trimmed_results /home/sk_ounce/project/QC/Ren_2021/ChIP-seq/Trimmed/
[2022-11-21 03:07:25,018] multiqc                                            [DEBUG  ]  Latest MultiQC version is v1.13
[2022-11-21 03:07:25,018] multiqc                                            [DEBUG  ]  Working dir : /mnt/d/SK/data/ren-panc/chip-seq/raw
[2022-11-21 03:07:25,018] multiqc                                            [DEBUG  ]  Template    : default
[2022-11-21 03:07:25,018] multiqc                                            [DEBUG  ]  Running Python 3.9.12 (main, Apr  5 2022, 06:56:58)  [GCC 7.5.0]
[2022-11-21 03:07:25,018] multiqc                                            [INFO   ]  Only using modules: fastqc, bbmap
[2022-11-21 03:07:25,018] multiqc                                            [DEBUG  ]  Analysing modules: fastqc, bbmap, fastqc
[2022-11-21 03:07:25,018] multiqc                                            [DEBUG  ]  Using temporary directory for creating report: /tmp/tmp9396lltj
[2022-11-21 03:07:25,107] multiqc                                            [INFO   ]  Search path : /home/sk_ounce/project/QC/Ren_2021/ChIP-seq/Trimmed
[2022-11-21 03:07:25,107] multiqc                                            [DEBUG  ]  Ignored 257 search patterns as didn't match running modules.
[2022-11-21 03:07:28,634] multiqc                                            [DEBUG  ]  Summary of files that were skipped by the search: [skipped_no_match: 45]
[2022-11-21 03:07:29,081] multiqc.plots.linegraph                            [DEBUG  ]  Using matplotlib version 3.5.1
[2022-11-21 03:07:29,081] multiqc.plots.bargraph                             [DEBUG  ]  Using matplotlib version 3.5.1
[2022-11-21 03:07:29,120] multiqc.modules.base_module                        [DEBUG  ]  fastqc/zip - Skipping '/home/sk_ounce/project/QC/Ren_2021/ChIP-seq/Trimmed/Capan-1_CTCF_ChIP-seq_1_1_trimmed_fastqc.zip' as it matched the path_filters_exclude for 'FastQC (raw)'
[2022-11-21 03:07:29,120] multiqc.modules.base_module                        [DEBUG  ]  fastqc/zip - Skipping '/home/sk_ounce/project/QC/Ren_2021/ChIP-seq/Trimmed/Capan-1_CTCF_ChIP-seq_1_2_trimmed_fastqc.zip' as it matched the path_filters_exclude for 'FastQC (raw)'
[2022-11-21 03:07:29,120] multiqc.modules.base_module                        [DEBUG  ]  fastqc/zip - Skipping '/home/sk_ounce/project/QC/Ren_2021/ChIP-seq/Trimmed/Capan-1_CTCF_ChIP-seq_2_1_trimmed_fastqc.zip' as it matched the path_filters_exclude for 'FastQC (raw)'
[2022-11-21 03:07:29,120] multiqc.modules.base_module                        [DEBUG  ]  fastqc/zip - Skipping '/home/sk_ounce/project/QC/Ren_2021/ChIP-seq/Trimmed/Capan-1_CTCF_ChIP-seq_2_2_trimmed_fastqc.zip' as it matched the path_filters_exclude for 'FastQC (raw)'
[2022-11-21 03:07:29,120] multiqc.modules.base_module                        [DEBUG  ]  fastqc/zip - Skipping '/home/sk_ounce/project/QC/Ren_2021/ChIP-seq/Trimmed/Capan-1_H3K27ac_ChIP-seq_1_1_trimmed_fastqc.zip' as it matched the path_filters_exclude for 'FastQC (raw)'
[2022-11-21 03:07:29,120] multiqc.modules.base_module                        [DEBUG  ]  fastqc/zip - Skipping '/home/sk_ounce/project/QC/Ren_2021/ChIP-seq/Trimmed/Capan-1_H3K27ac_ChIP-seq_1_2_trimmed_fastqc.zip' as it matched the path_filters_exclude for 'FastQC (raw)'
[2022-11-21 03:07:29,120] multiqc.modules.base_module                        [DEBUG  ]  fastqc/zip - Skipping '/home/sk_ounce/project/QC/Ren_2021/ChIP-seq/Trimmed/Capan-1_H3K27ac_ChIP-seq_2_1_trimmed_fastqc.zip' as it matched the path_filters_exclude for 'FastQC (raw)'
[2022-11-21 03:07:29,120] multiqc.modules.base_module                        [DEBUG  ]  fastqc/zip - Skipping '/home/sk_ounce/project/QC/Ren_2021/ChIP-seq/Trimmed/Capan-1_H3K27ac_ChIP-seq_2_2_trimmed_fastqc.zip' as it matched the path_filters_exclude for 'FastQC (raw)'
[2022-11-21 03:07:29,120] multiqc.modules.base_module                        [DEBUG  ]  fastqc/zip - Skipping '/home/sk_ounce/project/QC/Ren_2021/ChIP-seq/Trimmed/Capan-1_input_1_trimmed_fastqc.zip' as it matched the path_filters_exclude for 'FastQC (raw)'
[2022-11-21 03:07:29,120] multiqc.modules.base_module                        [DEBUG  ]  fastqc/zip - Skipping '/home/sk_ounce/project/QC/Ren_2021/ChIP-seq/Trimmed/Capan-1_input_2_trimmed_fastqc.zip' as it matched the path_filters_exclude for 'FastQC (raw)'
[2022-11-21 03:07:29,120] multiqc.modules.base_module                        [DEBUG  ]  fastqc/zip - Skipping '/home/sk_ounce/project/QC/Ren_2021/ChIP-seq/Trimmed/HPNE_CTCF_ChIP-seq_1_1_trimmed_fastqc.zip' as it matched the path_filters_exclude for 'FastQC (raw)'
[2022-11-21 03:07:29,120] multiqc.modules.base_module                        [DEBUG  ]  fastqc/zip - Skipping '/home/sk_ounce/project/QC/Ren_2021/ChIP-seq/Trimmed/HPNE_CTCF_ChIP-seq_1_2_trimmed_fastqc.zip' as it matched the path_filters_exclude for 'FastQC (raw)'
[2022-11-21 03:07:29,121] multiqc.modules.base_module                        [DEBUG  ]  fastqc/zip - Skipping '/home/sk_ounce/project/QC/Ren_2021/ChIP-seq/Trimmed/HPNE_CTCF_ChIP-seq_2_1_trimmed_fastqc.zip' as it matched the path_filters_exclude for 'FastQC (raw)'
[2022-11-21 03:07:29,121] multiqc.modules.base_module                        [DEBUG  ]  fastqc/zip - Skipping '/home/sk_ounce/project/QC/Ren_2021/ChIP-seq/Trimmed/HPNE_CTCF_ChIP-seq_2_2_trimmed_fastqc.zip' as it matched the path_filters_exclude for 'FastQC (raw)'
[2022-11-21 03:07:29,121] multiqc.modules.base_module                        [DEBUG  ]  fastqc/zip - Skipping '/home/sk_ounce/project/QC/Ren_2021/ChIP-seq/Trimmed/HPNE_H3K27ac_ChIP-seq_1_1_trimmed_fastqc.zip' as it matched the path_filters_exclude for 'FastQC (raw)'
[2022-11-21 03:07:29,121] multiqc.modules.base_module                        [DEBUG  ]  fastqc/zip - Skipping '/home/sk_ounce/project/QC/Ren_2021/ChIP-seq/Trimmed/HPNE_H3K27ac_ChIP-seq_1_2_trimmed_fastqc.zip' as it matched the path_filters_exclude for 'FastQC (raw)'
[2022-11-21 03:07:29,121] multiqc.modules.base_module                        [DEBUG  ]  fastqc/zip - Skipping '/home/sk_ounce/project/QC/Ren_2021/ChIP-seq/Trimmed/HPNE_H3K27ac_ChIP-seq_2_1_trimmed_fastqc.zip' as it matched the path_filters_exclude for 'FastQC (raw)'
[2022-11-21 03:07:29,121] multiqc.modules.base_module                        [DEBUG  ]  fastqc/zip - Skipping '/home/sk_ounce/project/QC/Ren_2021/ChIP-seq/Trimmed/HPNE_H3K27ac_ChIP-seq_2_2_trimmed_fastqc.zip' as it matched the path_filters_exclude for 'FastQC (raw)'
[2022-11-21 03:07:29,121] multiqc.modules.base_module                        [DEBUG  ]  fastqc/zip - Skipping '/home/sk_ounce/project/QC/Ren_2021/ChIP-seq/Trimmed/HPNE_input_1_trimmed_fastqc.zip' as it matched the path_filters_exclude for 'FastQC (raw)'
[2022-11-21 03:07:29,121] multiqc.modules.base_module                        [DEBUG  ]  fastqc/zip - Skipping '/home/sk_ounce/project/QC/Ren_2021/ChIP-seq/Trimmed/HPNE_input_2_trimmed_fastqc.zip' as it matched the path_filters_exclude for 'FastQC (raw)'
[2022-11-21 03:07:29,121] multiqc.modules.base_module                        [DEBUG  ]  fastqc/zip - Skipping '/home/sk_ounce/project/QC/Ren_2021/ChIP-seq/Trimmed/PANC-1_CTCF_ChIP-seq_1_1_trimmed_fastqc.zip' as it matched the path_filters_exclude for 'FastQC (raw)'
[2022-11-21 03:07:29,121] multiqc.modules.base_module                        [DEBUG  ]  fastqc/zip - Skipping '/home/sk_ounce/project/QC/Ren_2021/ChIP-seq/Trimmed/PANC-1_CTCF_ChIP-seq_1_2_trimmed_fastqc.zip' as it matched the path_filters_exclude for 'FastQC (raw)'
[2022-11-21 03:07:29,121] multiqc.modules.base_module                        [DEBUG  ]  fastqc/zip - Skipping '/home/sk_ounce/project/QC/Ren_2021/ChIP-seq/Trimmed/PANC-1_CTCF_ChIP-seq_2_1_trimmed_fastqc.zip' as it matched the path_filters_exclude for 'FastQC (raw)'
[2022-11-21 03:07:29,121] multiqc.modules.base_module                        [DEBUG  ]  fastqc/zip - Skipping '/home/sk_ounce/project/QC/Ren_2021/ChIP-seq/Trimmed/PANC-1_CTCF_ChIP-seq_2_2_trimmed_fastqc.zip' as it matched the path_filters_exclude for 'FastQC (raw)'
[2022-11-21 03:07:29,121] multiqc.modules.base_module                        [DEBUG  ]  fastqc/zip - Skipping '/home/sk_ounce/project/QC/Ren_2021/ChIP-seq/Trimmed/PANC-1_H3K27ac_ChIP-seq_1_1_trimmed_fastqc.zip' as it matched the path_filters_exclude for 'FastQC (raw)'
[2022-11-21 03:07:29,121] multiqc.modules.base_module                        [DEBUG  ]  fastqc/zip - Skipping '/home/sk_ounce/project/QC/Ren_2021/ChIP-seq/Trimmed/PANC-1_H3K27ac_ChIP-seq_1_2_trimmed_fastqc.zip' as it matched the path_filters_exclude for 'FastQC (raw)'
[2022-11-21 03:07:29,121] multiqc.modules.base_module                        [DEBUG  ]  fastqc/zip - Skipping '/home/sk_ounce/project/QC/Ren_2021/ChIP-seq/Trimmed/PANC-1_H3K27ac_ChIP-seq_2_1_trimmed_fastqc.zip' as it matched the path_filters_exclude for 'FastQC (raw)'
[2022-11-21 03:07:29,121] multiqc.modules.base_module                        [DEBUG  ]  fastqc/zip - Skipping '/home/sk_ounce/project/QC/Ren_2021/ChIP-seq/Trimmed/PANC-1_H3K27ac_ChIP-seq_2_2_trimmed_fastqc.zip' as it matched the path_filters_exclude for 'FastQC (raw)'
[2022-11-21 03:07:29,121] multiqc.modules.base_module                        [DEBUG  ]  fastqc/zip - Skipping '/home/sk_ounce/project/QC/Ren_2021/ChIP-seq/Trimmed/PANC-1_input_1_trimmed_fastqc.zip' as it matched the path_filters_exclude for 'FastQC (raw)'
[2022-11-21 03:07:29,121] multiqc.modules.base_module                        [DEBUG  ]  fastqc/zip - Skipping '/home/sk_ounce/project/QC/Ren_2021/ChIP-seq/Trimmed/PANC-1_input_2_trimmed_fastqc.zip' as it matched the path_filters_exclude for 'FastQC (raw)'
[2022-11-21 03:07:29,121] multiqc                                            [DEBUG  ]  No samples found: fastqc
[2022-11-21 03:07:29,123] multiqc.modules.base_module                        [DEBUG  ]  fastqc/zip - Selecting '/home/sk_ounce/project/QC/Ren_2021/ChIP-seq/Trimmed/Capan-1_CTCF_ChIP-seq_1_1_trimmed_fastqc.zip' as it matched the path_filters for 'FastQC (trimmed)'
[2022-11-21 03:07:29,143] multiqc.modules.base_module                        [DEBUG  ]  fastqc/zip - Selecting '/home/sk_ounce/project/QC/Ren_2021/ChIP-seq/Trimmed/Capan-1_CTCF_ChIP-seq_1_2_trimmed_fastqc.zip' as it matched the path_filters for 'FastQC (trimmed)'
[2022-11-21 03:07:29,153] multiqc.modules.base_module                        [DEBUG  ]  fastqc/zip - Selecting '/home/sk_ounce/project/QC/Ren_2021/ChIP-seq/Trimmed/Capan-1_CTCF_ChIP-seq_2_1_trimmed_fastqc.zip' as it matched the path_filters for 'FastQC (trimmed)'
[2022-11-21 03:07:29,164] multiqc.modules.base_module                        [DEBUG  ]  fastqc/zip - Selecting '/home/sk_ounce/project/QC/Ren_2021/ChIP-seq/Trimmed/Capan-1_CTCF_ChIP-seq_2_2_trimmed_fastqc.zip' as it matched the path_filters for 'FastQC (trimmed)'
[2022-11-21 03:07:29,173] multiqc.modules.base_module                        [DEBUG  ]  fastqc/zip - Selecting '/home/sk_ounce/project/QC/Ren_2021/ChIP-seq/Trimmed/Capan-1_H3K27ac_ChIP-seq_1_1_trimmed_fastqc.zip' as it matched the path_filters for 'FastQC (trimmed)'
[2022-11-21 03:07:29,182] multiqc.modules.base_module                        [DEBUG  ]  fastqc/zip - Selecting '/home/sk_ounce/project/QC/Ren_2021/ChIP-seq/Trimmed/Capan-1_H3K27ac_ChIP-seq_1_2_trimmed_fastqc.zip' as it matched the path_filters for 'FastQC (trimmed)'
[2022-11-21 03:07:29,189] multiqc.modules.base_module                        [DEBUG  ]  fastqc/zip - Selecting '/home/sk_ounce/project/QC/Ren_2021/ChIP-seq/Trimmed/Capan-1_H3K27ac_ChIP-seq_2_1_trimmed_fastqc.zip' as it matched the path_filters for 'FastQC (trimmed)'
[2022-11-21 03:07:29,196] multiqc.modules.base_module                        [DEBUG  ]  fastqc/zip - Selecting '/home/sk_ounce/project/QC/Ren_2021/ChIP-seq/Trimmed/Capan-1_H3K27ac_ChIP-seq_2_2_trimmed_fastqc.zip' as it matched the path_filters for 'FastQC (trimmed)'
[2022-11-21 03:07:29,203] multiqc.modules.base_module                        [DEBUG  ]  fastqc/zip - Selecting '/home/sk_ounce/project/QC/Ren_2021/ChIP-seq/Trimmed/Capan-1_input_1_trimmed_fastqc.zip' as it matched the path_filters for 'FastQC (trimmed)'
[2022-11-21 03:07:29,210] multiqc.modules.base_module                        [DEBUG  ]  fastqc/zip - Selecting '/home/sk_ounce/project/QC/Ren_2021/ChIP-seq/Trimmed/Capan-1_input_2_trimmed_fastqc.zip' as it matched the path_filters for 'FastQC (trimmed)'
[2022-11-21 03:07:29,217] multiqc.modules.base_module                        [DEBUG  ]  fastqc/zip - Selecting '/home/sk_ounce/project/QC/Ren_2021/ChIP-seq/Trimmed/HPNE_CTCF_ChIP-seq_1_1_trimmed_fastqc.zip' as it matched the path_filters for 'FastQC (trimmed)'
[2022-11-21 03:07:29,223] multiqc.modules.base_module                        [DEBUG  ]  fastqc/zip - Selecting '/home/sk_ounce/project/QC/Ren_2021/ChIP-seq/Trimmed/HPNE_CTCF_ChIP-seq_1_2_trimmed_fastqc.zip' as it matched the path_filters for 'FastQC (trimmed)'
[2022-11-21 03:07:29,230] multiqc.modules.base_module                        [DEBUG  ]  fastqc/zip - Selecting '/home/sk_ounce/project/QC/Ren_2021/ChIP-seq/Trimmed/HPNE_CTCF_ChIP-seq_2_1_trimmed_fastqc.zip' as it matched the path_filters for 'FastQC (trimmed)'
[2022-11-21 03:07:29,237] multiqc.modules.base_module                        [DEBUG  ]  fastqc/zip - Selecting '/home/sk_ounce/project/QC/Ren_2021/ChIP-seq/Trimmed/HPNE_CTCF_ChIP-seq_2_2_trimmed_fastqc.zip' as it matched the path_filters for 'FastQC (trimmed)'
[2022-11-21 03:07:29,243] multiqc.modules.base_module                        [DEBUG  ]  fastqc/zip - Selecting '/home/sk_ounce/project/QC/Ren_2021/ChIP-seq/Trimmed/HPNE_H3K27ac_ChIP-seq_1_1_trimmed_fastqc.zip' as it matched the path_filters for 'FastQC (trimmed)'
[2022-11-21 03:07:29,251] multiqc.modules.base_module                        [DEBUG  ]  fastqc/zip - Selecting '/home/sk_ounce/project/QC/Ren_2021/ChIP-seq/Trimmed/HPNE_H3K27ac_ChIP-seq_1_2_trimmed_fastqc.zip' as it matched the path_filters for 'FastQC (trimmed)'
[2022-11-21 03:07:29,259] multiqc.modules.base_module                        [DEBUG  ]  fastqc/zip - Selecting '/home/sk_ounce/project/QC/Ren_2021/ChIP-seq/Trimmed/HPNE_H3K27ac_ChIP-seq_2_1_trimmed_fastqc.zip' as it matched the path_filters for 'FastQC (trimmed)'
[2022-11-21 03:07:29,267] multiqc.modules.base_module                        [DEBUG  ]  fastqc/zip - Selecting '/home/sk_ounce/project/QC/Ren_2021/ChIP-seq/Trimmed/HPNE_H3K27ac_ChIP-seq_2_2_trimmed_fastqc.zip' as it matched the path_filters for 'FastQC (trimmed)'
[2022-11-21 03:07:29,275] multiqc.modules.base_module                        [DEBUG  ]  fastqc/zip - Selecting '/home/sk_ounce/project/QC/Ren_2021/ChIP-seq/Trimmed/HPNE_input_1_trimmed_fastqc.zip' as it matched the path_filters for 'FastQC (trimmed)'
[2022-11-21 03:07:29,282] multiqc.modules.base_module                        [DEBUG  ]  fastqc/zip - Selecting '/home/sk_ounce/project/QC/Ren_2021/ChIP-seq/Trimmed/HPNE_input_2_trimmed_fastqc.zip' as it matched the path_filters for 'FastQC (trimmed)'
[2022-11-21 03:07:29,289] multiqc.modules.base_module                        [DEBUG  ]  fastqc/zip - Selecting '/home/sk_ounce/project/QC/Ren_2021/ChIP-seq/Trimmed/PANC-1_CTCF_ChIP-seq_1_1_trimmed_fastqc.zip' as it matched the path_filters for 'FastQC (trimmed)'
[2022-11-21 03:07:29,296] multiqc.modules.base_module                        [DEBUG  ]  fastqc/zip - Selecting '/home/sk_ounce/project/QC/Ren_2021/ChIP-seq/Trimmed/PANC-1_CTCF_ChIP-seq_1_2_trimmed_fastqc.zip' as it matched the path_filters for 'FastQC (trimmed)'
[2022-11-21 03:07:29,303] multiqc.modules.base_module                        [DEBUG  ]  fastqc/zip - Selecting '/home/sk_ounce/project/QC/Ren_2021/ChIP-seq/Trimmed/PANC-1_CTCF_ChIP-seq_2_1_trimmed_fastqc.zip' as it matched the path_filters for 'FastQC (trimmed)'
[2022-11-21 03:07:29,310] multiqc.modules.base_module                        [DEBUG  ]  fastqc/zip - Selecting '/home/sk_ounce/project/QC/Ren_2021/ChIP-seq/Trimmed/PANC-1_CTCF_ChIP-seq_2_2_trimmed_fastqc.zip' as it matched the path_filters for 'FastQC (trimmed)'
[2022-11-21 03:07:29,318] multiqc.modules.base_module                        [DEBUG  ]  fastqc/zip - Selecting '/home/sk_ounce/project/QC/Ren_2021/ChIP-seq/Trimmed/PANC-1_H3K27ac_ChIP-seq_1_1_trimmed_fastqc.zip' as it matched the path_filters for 'FastQC (trimmed)'
[2022-11-21 03:07:29,326] multiqc.modules.base_module                        [DEBUG  ]  fastqc/zip - Selecting '/home/sk_ounce/project/QC/Ren_2021/ChIP-seq/Trimmed/PANC-1_H3K27ac_ChIP-seq_1_2_trimmed_fastqc.zip' as it matched the path_filters for 'FastQC (trimmed)'
[2022-11-21 03:07:29,334] multiqc.modules.base_module                        [DEBUG  ]  fastqc/zip - Selecting '/home/sk_ounce/project/QC/Ren_2021/ChIP-seq/Trimmed/PANC-1_H3K27ac_ChIP-seq_2_1_trimmed_fastqc.zip' as it matched the path_filters for 'FastQC (trimmed)'
[2022-11-21 03:07:29,342] multiqc.modules.base_module                        [DEBUG  ]  fastqc/zip - Selecting '/home/sk_ounce/project/QC/Ren_2021/ChIP-seq/Trimmed/PANC-1_H3K27ac_ChIP-seq_2_2_trimmed_fastqc.zip' as it matched the path_filters for 'FastQC (trimmed)'
[2022-11-21 03:07:29,351] multiqc.modules.base_module                        [DEBUG  ]  fastqc/zip - Selecting '/home/sk_ounce/project/QC/Ren_2021/ChIP-seq/Trimmed/PANC-1_input_1_trimmed_fastqc.zip' as it matched the path_filters for 'FastQC (trimmed)'
[2022-11-21 03:07:29,358] multiqc.modules.base_module                        [DEBUG  ]  fastqc/zip - Selecting '/home/sk_ounce/project/QC/Ren_2021/ChIP-seq/Trimmed/PANC-1_input_2_trimmed_fastqc.zip' as it matched the path_filters for 'FastQC (trimmed)'
[2022-11-21 03:07:29,365] multiqc.modules.fastqc.fastqc                      [INFO   ]  Found 30 reports
[2022-11-21 03:07:29,539] multiqc                                            [INFO   ]  Compressing plot data
[2022-11-21 03:07:29,831] multiqc                                            [INFO   ]  Report      : ../../../../../../../home/sk_ounce/project/QC/Ren_2021/ChIP-seq/Trimmed/multiqc_trimmed_results.html
[2022-11-21 03:07:29,831] multiqc                                            [INFO   ]  Data        : ../../../../../../../home/sk_ounce/project/QC/Ren_2021/ChIP-seq/Trimmed/multiqc_trimmed_results_data
[2022-11-21 03:07:29,831] multiqc                                            [DEBUG  ]  Moving data file from '/tmp/tmp9396lltj/multiqc_data' to '/home/sk_ounce/project/QC/Ren_2021/ChIP-seq/Trimmed/multiqc_trimmed_results_data'
[2022-11-21 03:07:30,050] multiqc                                            [INFO   ]  MultiQC complete
