[2022-11-26 20:02:43,037] multiqc                                            [DEBUG  ]  This is MultiQC v1.13
[2022-11-26 20:02:43,039] multiqc                                            [DEBUG  ]  Command used: /home/sk_ounce/anaconda3/bin/multiqc --module fastqc --force --outdir /home/sk_ounce/project/QC/Ren_2021/ATAC-seq/Trimmed/ -n multiqc_trimmed_results /home/sk_ounce/project/QC/Ren_2021/ATAC-seq/Trimmed/
[2022-11-26 20:02:48,168] multiqc                                            [DEBUG  ]  Could not connect to multiqc.info for version check: <urlopen error timed out>
[2022-11-26 20:02:48,168] multiqc                                            [DEBUG  ]  Working dir : /mnt/d/SK/data/ren-panc/atac-seq/trimmed
[2022-11-26 20:02:48,168] multiqc                                            [DEBUG  ]  Template    : default
[2022-11-26 20:02:48,168] multiqc                                            [DEBUG  ]  Running Python 3.9.12 (main, Apr  5 2022, 06:56:58)  [GCC 7.5.0]
[2022-11-26 20:02:48,169] multiqc                                            [INFO   ]  Only using modules: fastqc
[2022-11-26 20:02:48,169] multiqc                                            [DEBUG  ]  Analysing modules: fastqc
[2022-11-26 20:02:48,169] multiqc                                            [DEBUG  ]  Using temporary directory for creating report: /tmp/tmp_4h2dmid
[2022-11-26 20:02:48,252] multiqc                                            [INFO   ]  Search path : /home/sk_ounce/project/QC/Ren_2021/ATAC-seq/Trimmed
[2022-11-26 20:02:48,252] multiqc                                            [DEBUG  ]  Ignored 277 search patterns as didn't match running modules.
[2022-11-26 20:02:48,650] multiqc                                            [DEBUG  ]  Summary of files that were skipped by the search: [skipped_no_match: 18]
[2022-11-26 20:02:49,098] multiqc.plots.linegraph                            [DEBUG  ]  Using matplotlib version 3.5.1
[2022-11-26 20:02:49,099] multiqc.plots.bargraph                             [DEBUG  ]  Using matplotlib version 3.5.1
[2022-11-26 20:02:49,223] multiqc.modules.fastqc.fastqc                      [INFO   ]  Found 12 reports
[2022-11-26 20:02:49,400] multiqc                                            [INFO   ]  Compressing plot data
[2022-11-26 20:02:49,539] multiqc                                            [INFO   ]  Report      : ../../../../../../../home/sk_ounce/project/QC/Ren_2021/ATAC-seq/Trimmed/multiqc_trimmed_results.html
[2022-11-26 20:02:49,539] multiqc                                            [INFO   ]  Data        : ../../../../../../../home/sk_ounce/project/QC/Ren_2021/ATAC-seq/Trimmed/multiqc_trimmed_results_data
[2022-11-26 20:02:49,539] multiqc                                            [DEBUG  ]  Moving data file from '/tmp/tmp_4h2dmid/multiqc_data' to '/home/sk_ounce/project/QC/Ren_2021/ATAC-seq/Trimmed/multiqc_trimmed_results_data'
[2022-11-26 20:02:49,787] multiqc                                            [INFO   ]  MultiQC complete
