[2022-11-23 06:04:58,475] multiqc                                            [DEBUG  ]  This is MultiQC v1.13
[2022-11-23 06:04:58,477] multiqc                                            [DEBUG  ]  Command used: /home/sk_ounce/anaconda3/bin/multiqc --module fastqc --force --outdir /home/sk_ounce/project/QC/Rod_rcc/ChIP-seq/Pre-align/ -n multiqc_fastqc_results /home/sk_ounce/project/QC/Rod_rcc/ChIP-seq/Pre-align/
[2022-11-23 06:04:59,520] multiqc                                            [DEBUG  ]  Latest MultiQC version is v1.13
[2022-11-23 06:04:59,521] multiqc                                            [DEBUG  ]  Working dir : /mnt/c/Users/jvons/Documents/NCF/Thesis/scripts/preprocessing
[2022-11-23 06:04:59,521] multiqc                                            [DEBUG  ]  Template    : default
[2022-11-23 06:04:59,521] multiqc                                            [DEBUG  ]  Running Python 3.9.12 (main, Apr  5 2022, 06:56:58)  [GCC 7.5.0]
[2022-11-23 06:04:59,521] multiqc                                            [INFO   ]  Only using modules: fastqc
[2022-11-23 06:04:59,521] multiqc                                            [DEBUG  ]  Analysing modules: fastqc
[2022-11-23 06:04:59,521] multiqc                                            [DEBUG  ]  Using temporary directory for creating report: /tmp/tmpja6bmt3n
[2022-11-23 06:04:59,629] multiqc                                            [INFO   ]  Search path : /home/sk_ounce/project/QC/Rod_rcc/ChIP-seq/Pre-align
[2022-11-23 06:04:59,630] multiqc                                            [DEBUG  ]  Ignored 277 search patterns as didn't match running modules.
[2022-11-23 06:04:59,846] multiqc                                            [DEBUG  ]  Summary of files that were skipped by the search: [skipped_no_match: 18]
[2022-11-23 06:05:00,442] multiqc.plots.linegraph                            [DEBUG  ]  Using matplotlib version 3.5.1
[2022-11-23 06:05:00,442] multiqc.plots.bargraph                             [DEBUG  ]  Using matplotlib version 3.5.1
[2022-11-23 06:05:00,714] multiqc.modules.fastqc.fastqc                      [INFO   ]  Found 18 reports
[2022-11-23 06:05:00,824] multiqc                                            [INFO   ]  Compressing plot data
[2022-11-23 06:05:00,991] multiqc                                            [INFO   ]  Report      : ../../../../../../../../../home/sk_ounce/project/QC/Rod_rcc/ChIP-seq/Pre-align/multiqc_fastqc_results.html
[2022-11-23 06:05:00,991] multiqc                                            [INFO   ]  Data        : ../../../../../../../../../home/sk_ounce/project/QC/Rod_rcc/ChIP-seq/Pre-align/multiqc_fastqc_results_data
[2022-11-23 06:05:00,991] multiqc                                            [DEBUG  ]  Moving data file from '/tmp/tmpja6bmt3n/multiqc_data' to '/home/sk_ounce/project/QC/Rod_rcc/ChIP-seq/Pre-align/multiqc_fastqc_results_data'
[2022-11-23 06:05:01,171] multiqc                                            [INFO   ]  MultiQC complete
