[2022-11-22 02:17:48,853] multiqc                                            [DEBUG  ]  This is MultiQC v1.13
[2022-11-22 02:17:48,854] multiqc                                            [DEBUG  ]  Command used: /home/sk_ounce/anaconda3/bin/multiqc --module fastqc --force --outdir /home/sk_ounce/project/QC/Rod_rcc/RNA-seq/Pre-align/ -n multiqc_fastqc_results /home/sk_ounce/project/QC/Rod_rcc/RNA-seq/Pre-align/
[2022-11-22 02:17:50,211] multiqc                                            [DEBUG  ]  Latest MultiQC version is v1.13
[2022-11-22 02:17:50,211] multiqc                                            [DEBUG  ]  Working dir : /mnt/c/Users/jvons/Documents/NCF/Thesis/scripts/preprocessing
[2022-11-22 02:17:50,211] multiqc                                            [DEBUG  ]  Template    : default
[2022-11-22 02:17:50,211] multiqc                                            [DEBUG  ]  Running Python 3.9.12 (main, Apr  5 2022, 06:56:58)  [GCC 7.5.0]
[2022-11-22 02:17:50,211] multiqc                                            [INFO   ]  Only using modules: fastqc
[2022-11-22 02:17:50,211] multiqc                                            [DEBUG  ]  Analysing modules: fastqc
[2022-11-22 02:17:50,212] multiqc                                            [DEBUG  ]  Using temporary directory for creating report: /tmp/tmpg0k3jlm7
[2022-11-22 02:17:50,311] multiqc                                            [INFO   ]  Search path : /home/sk_ounce/project/QC/Rod_rcc/RNA-seq/Pre-align
[2022-11-22 02:17:50,312] multiqc                                            [DEBUG  ]  Ignored 277 search patterns as didn't match running modules.
[2022-11-22 02:17:50,441] multiqc                                            [DEBUG  ]  Summary of files that were skipped by the search: [skipped_no_match: 8]
[2022-11-22 02:17:51,027] multiqc.plots.linegraph                            [DEBUG  ]  Using matplotlib version 3.5.1
[2022-11-22 02:17:51,027] multiqc.plots.bargraph                             [DEBUG  ]  Using matplotlib version 3.5.1
[2022-11-22 02:17:51,121] multiqc.modules.fastqc.fastqc                      [INFO   ]  Found 8 reports
[2022-11-22 02:17:51,180] multiqc                                            [INFO   ]  Compressing plot data
[2022-11-22 02:17:51,265] multiqc                                            [INFO   ]  Report      : ../../../../../../../../../home/sk_ounce/project/QC/Rod_rcc/RNA-seq/Pre-align/multiqc_fastqc_results.html
[2022-11-22 02:17:51,266] multiqc                                            [INFO   ]  Data        : ../../../../../../../../../home/sk_ounce/project/QC/Rod_rcc/RNA-seq/Pre-align/multiqc_fastqc_results_data
[2022-11-22 02:17:51,266] multiqc                                            [DEBUG  ]  Moving data file from '/tmp/tmpg0k3jlm7/multiqc_data' to '/home/sk_ounce/project/QC/Rod_rcc/RNA-seq/Pre-align/multiqc_fastqc_results_data'
[2022-11-22 02:17:51,467] multiqc                                            [INFO   ]  MultiQC complete
