[2022-11-21 11:43:59,474] multiqc                                            [DEBUG  ]  This is MultiQC v1.13
[2022-11-21 11:43:59,476] multiqc                                            [DEBUG  ]  Command used: /home/sk_ounce/anaconda3/bin/multiqc --module fastqc --force --outdir /home/sk_ounce/project/QC/Ren_2021/ATAC-seq/Pre-align/ -n multiqc_fastqc_results /home/sk_ounce/project/QC/Ren_2021/ATAC-seq/Pre-align/
[2022-11-21 11:44:00,662] multiqc                                            [DEBUG  ]  Latest MultiQC version is v1.13
[2022-11-21 11:44:00,662] multiqc                                            [DEBUG  ]  Working dir : /mnt/c/Users/jvons/Documents/NCF/Thesis/scripts/preprocessing
[2022-11-21 11:44:00,662] multiqc                                            [DEBUG  ]  Template    : default
[2022-11-21 11:44:00,662] multiqc                                            [DEBUG  ]  Running Python 3.9.12 (main, Apr  5 2022, 06:56:58)  [GCC 7.5.0]
[2022-11-21 11:44:00,662] multiqc                                            [INFO   ]  Only using modules: fastqc
[2022-11-21 11:44:00,662] multiqc                                            [DEBUG  ]  Analysing modules: fastqc
[2022-11-21 11:44:00,662] multiqc                                            [DEBUG  ]  Using temporary directory for creating report: /tmp/tmpthj8n1cz
[2022-11-21 11:44:00,742] multiqc                                            [INFO   ]  Search path : /home/sk_ounce/project/QC/Ren_2021/ATAC-seq/Pre-align
[2022-11-21 11:44:00,742] multiqc                                            [DEBUG  ]  Ignored 277 search patterns as didn't match running modules.
[2022-11-21 11:44:00,920] multiqc                                            [DEBUG  ]  Summary of files that were skipped by the search: [skipped_no_match: 12]
[2022-11-21 11:44:01,358] multiqc.plots.linegraph                            [DEBUG  ]  Using matplotlib version 3.5.1
[2022-11-21 11:44:01,358] multiqc.plots.bargraph                             [DEBUG  ]  Using matplotlib version 3.5.1
[2022-11-21 11:44:01,488] multiqc.modules.fastqc.fastqc                      [INFO   ]  Found 12 reports
[2022-11-21 11:44:01,665] multiqc                                            [INFO   ]  Compressing plot data
[2022-11-21 11:44:01,818] multiqc                                            [INFO   ]  Report      : ../../../../../../../../../home/sk_ounce/project/QC/Ren_2021/ATAC-seq/Pre-align/multiqc_fastqc_results.html
[2022-11-21 11:44:01,818] multiqc                                            [INFO   ]  Data        : ../../../../../../../../../home/sk_ounce/project/QC/Ren_2021/ATAC-seq/Pre-align/multiqc_fastqc_results_data
[2022-11-21 11:44:01,818] multiqc                                            [DEBUG  ]  Moving data file from '/tmp/tmpthj8n1cz/multiqc_data' to '/home/sk_ounce/project/QC/Ren_2021/ATAC-seq/Pre-align/multiqc_fastqc_results_data'
[2022-11-21 11:44:01,989] multiqc                                            [INFO   ]  MultiQC complete
