[2022-11-24 01:45:32,044] multiqc                                            [DEBUG  ]  This is MultiQC v1.13
[2022-11-24 01:45:32,047] multiqc                                            [DEBUG  ]  Loading config settings from: /home/sk_ounce/multiqc_configs/multiqc_config.yaml
[2022-11-24 01:45:32,047] multiqc                                            [DEBUG  ]  New config: {'module_order': [{'fastqc': {'name': 'FastQC (raw)', 'path_filters': ['*_fastqc.zip'], 'path_filters_exclude': ['*_trimmed_fastqc.zip']}}, 'bbmap', {'fastqc': {'name': 'FastQC (trimmed)', 'info': 'This section of the report shows FastQC results after adapter trimming.', 'target': '', 'path_filters': ['*_trimmed_fastqc.zip']}}, 'hisat2', 'bowtie2', 'rna_seqc', 'sambamba', 'samtools', 'featureCounts', 'homer', 'macs2']}
[2022-11-24 01:45:32,047] multiqc                                            [DEBUG  ]  Command used: /home/sk_ounce/anaconda3/bin/multiqc --module fastqc --module bbmap --force --outdir /home/sk_ounce/project/QC/Rod_rcc/RNA-seq/Trimmed/ -c /home/sk_ounce/multiqc_configs/multiqc_config.yaml -n multiqc_trimmed_results /home/sk_ounce/project/QC/Rod_rcc/RNA-seq/Trimmed/
[2022-11-24 01:45:33,011] multiqc                                            [DEBUG  ]  Latest MultiQC version is v1.13
[2022-11-24 01:45:33,011] multiqc                                            [DEBUG  ]  Working dir : /mnt/d/SK/data/rod-rcc/rna-seq/raw
[2022-11-24 01:45:33,011] multiqc                                            [DEBUG  ]  Template    : default
[2022-11-24 01:45:33,011] multiqc                                            [DEBUG  ]  Running Python 3.9.12 (main, Apr  5 2022, 06:56:58)  [GCC 7.5.0]
[2022-11-24 01:45:33,011] multiqc                                            [INFO   ]  Only using modules: fastqc, bbmap
[2022-11-24 01:45:33,011] multiqc                                            [DEBUG  ]  Analysing modules: fastqc, bbmap, fastqc
[2022-11-24 01:45:33,012] multiqc                                            [DEBUG  ]  Using temporary directory for creating report: /tmp/tmp8dcwgtab
[2022-11-24 01:45:33,098] multiqc                                            [INFO   ]  Search path : /home/sk_ounce/project/QC/Rod_rcc/RNA-seq/Trimmed
[2022-11-24 01:45:33,098] multiqc                                            [DEBUG  ]  Ignored 257 search patterns as didn't match running modules.
[2022-11-24 01:45:34,298] multiqc                                            [DEBUG  ]  Summary of files that were skipped by the search: [skipped_no_match: 16]
[2022-11-24 01:45:34,915] multiqc.plots.linegraph                            [DEBUG  ]  Using matplotlib version 3.5.1
[2022-11-24 01:45:34,916] multiqc.plots.bargraph                             [DEBUG  ]  Using matplotlib version 3.5.1
[2022-11-24 01:45:34,963] multiqc.modules.base_module                        [DEBUG  ]  fastqc/zip - Skipping '/home/sk_ounce/project/QC/Rod_rcc/RNA-seq/Trimmed/RNA-Seq_786-M1A-1_trimmed_fastqc.zip' as it matched the path_filters_exclude for 'FastQC (raw)'
[2022-11-24 01:45:34,964] multiqc.modules.base_module                        [DEBUG  ]  fastqc/zip - Skipping '/home/sk_ounce/project/QC/Rod_rcc/RNA-seq/Trimmed/RNA-Seq_786-M1A-2_trimmed_fastqc.zip' as it matched the path_filters_exclude for 'FastQC (raw)'
[2022-11-24 01:45:34,964] multiqc.modules.base_module                        [DEBUG  ]  fastqc/zip - Skipping '/home/sk_ounce/project/QC/Rod_rcc/RNA-seq/Trimmed/RNA-Seq_786-O-1_trimmed_fastqc.zip' as it matched the path_filters_exclude for 'FastQC (raw)'
[2022-11-24 01:45:34,964] multiqc.modules.base_module                        [DEBUG  ]  fastqc/zip - Skipping '/home/sk_ounce/project/QC/Rod_rcc/RNA-seq/Trimmed/RNA-Seq_786-O-2_trimmed_fastqc.zip' as it matched the path_filters_exclude for 'FastQC (raw)'
[2022-11-24 01:45:34,964] multiqc.modules.base_module                        [DEBUG  ]  fastqc/zip - Skipping '/home/sk_ounce/project/QC/Rod_rcc/RNA-seq/Trimmed/RNA-Seq_OS-LM1-1_trimmed_fastqc.zip' as it matched the path_filters_exclude for 'FastQC (raw)'
[2022-11-24 01:45:34,964] multiqc.modules.base_module                        [DEBUG  ]  fastqc/zip - Skipping '/home/sk_ounce/project/QC/Rod_rcc/RNA-seq/Trimmed/RNA-Seq_OS-LM1-2_trimmed_fastqc.zip' as it matched the path_filters_exclude for 'FastQC (raw)'
[2022-11-24 01:45:34,964] multiqc.modules.base_module                        [DEBUG  ]  fastqc/zip - Skipping '/home/sk_ounce/project/QC/Rod_rcc/RNA-seq/Trimmed/RNA-Seq_OS-RC2_TGL-1_trimmed_fastqc.zip' as it matched the path_filters_exclude for 'FastQC (raw)'
[2022-11-24 01:45:34,964] multiqc.modules.base_module                        [DEBUG  ]  fastqc/zip - Skipping '/home/sk_ounce/project/QC/Rod_rcc/RNA-seq/Trimmed/RNA-Seq_OS-RC2_TGL-2_trimmed_fastqc.zip' as it matched the path_filters_exclude for 'FastQC (raw)'
[2022-11-24 01:45:34,964] multiqc                                            [DEBUG  ]  No samples found: fastqc
[2022-11-24 01:45:34,966] multiqc.modules.base_module                        [DEBUG  ]  fastqc/zip - Selecting '/home/sk_ounce/project/QC/Rod_rcc/RNA-seq/Trimmed/RNA-Seq_786-M1A-1_trimmed_fastqc.zip' as it matched the path_filters for 'FastQC (trimmed)'
[2022-11-24 01:45:34,975] multiqc.modules.base_module                        [DEBUG  ]  fastqc/zip - Selecting '/home/sk_ounce/project/QC/Rod_rcc/RNA-seq/Trimmed/RNA-Seq_786-M1A-2_trimmed_fastqc.zip' as it matched the path_filters for 'FastQC (trimmed)'
[2022-11-24 01:45:34,981] multiqc.modules.base_module                        [DEBUG  ]  fastqc/zip - Selecting '/home/sk_ounce/project/QC/Rod_rcc/RNA-seq/Trimmed/RNA-Seq_786-O-1_trimmed_fastqc.zip' as it matched the path_filters for 'FastQC (trimmed)'
[2022-11-24 01:45:34,987] multiqc.modules.base_module                        [DEBUG  ]  fastqc/zip - Selecting '/home/sk_ounce/project/QC/Rod_rcc/RNA-seq/Trimmed/RNA-Seq_786-O-2_trimmed_fastqc.zip' as it matched the path_filters for 'FastQC (trimmed)'
[2022-11-24 01:45:34,992] multiqc.modules.base_module                        [DEBUG  ]  fastqc/zip - Selecting '/home/sk_ounce/project/QC/Rod_rcc/RNA-seq/Trimmed/RNA-Seq_OS-LM1-1_trimmed_fastqc.zip' as it matched the path_filters for 'FastQC (trimmed)'
[2022-11-24 01:45:34,998] multiqc.modules.base_module                        [DEBUG  ]  fastqc/zip - Selecting '/home/sk_ounce/project/QC/Rod_rcc/RNA-seq/Trimmed/RNA-Seq_OS-LM1-2_trimmed_fastqc.zip' as it matched the path_filters for 'FastQC (trimmed)'
[2022-11-24 01:45:35,003] multiqc.modules.base_module                        [DEBUG  ]  fastqc/zip - Selecting '/home/sk_ounce/project/QC/Rod_rcc/RNA-seq/Trimmed/RNA-Seq_OS-RC2_TGL-1_trimmed_fastqc.zip' as it matched the path_filters for 'FastQC (trimmed)'
[2022-11-24 01:45:35,008] multiqc.modules.base_module                        [DEBUG  ]  fastqc/zip - Selecting '/home/sk_ounce/project/QC/Rod_rcc/RNA-seq/Trimmed/RNA-Seq_OS-RC2_TGL-2_trimmed_fastqc.zip' as it matched the path_filters for 'FastQC (trimmed)'
[2022-11-24 01:45:35,012] multiqc.modules.fastqc.fastqc                      [INFO   ]  Found 8 reports
[2022-11-24 01:45:35,074] multiqc                                            [INFO   ]  Compressing plot data
[2022-11-24 01:45:35,163] multiqc                                            [INFO   ]  Report      : ../../../../../../../home/sk_ounce/project/QC/Rod_rcc/RNA-seq/Trimmed/multiqc_trimmed_results.html
[2022-11-24 01:45:35,163] multiqc                                            [INFO   ]  Data        : ../../../../../../../home/sk_ounce/project/QC/Rod_rcc/RNA-seq/Trimmed/multiqc_trimmed_results_data
[2022-11-24 01:45:35,163] multiqc                                            [DEBUG  ]  Moving data file from '/tmp/tmp8dcwgtab/multiqc_data' to '/home/sk_ounce/project/QC/Rod_rcc/RNA-seq/Trimmed/multiqc_trimmed_results_data'
[2022-11-24 01:45:35,352] multiqc                                            [INFO   ]  MultiQC complete
