[2022-11-24 07:34:52,803] multiqc                                            [DEBUG  ]  This is MultiQC v1.13
[2022-11-24 07:34:52,806] multiqc                                            [DEBUG  ]  Loading config settings from: /home/sk_ounce/multiqc_configs/multiqc_config.yaml
[2022-11-24 07:34:52,806] multiqc                                            [DEBUG  ]  New config: {'module_order': [{'fastqc': {'name': 'FastQC (raw)', 'path_filters': ['*_fastqc.zip'], 'path_filters_exclude': ['*_trimmed_fastqc.zip']}}, 'bbmap', {'fastqc': {'name': 'FastQC (trimmed)', 'info': 'This section of the report shows FastQC results after adapter trimming.', 'target': '', 'path_filters': ['*_trimmed_fastqc.zip']}}, 'hisat2', 'bowtie2', 'rna_seqc', 'sambamba', 'samtools', 'featureCounts', 'homer', 'macs2']}
[2022-11-24 07:34:52,806] multiqc                                            [DEBUG  ]  Command used: /home/sk_ounce/anaconda3/bin/multiqc --module fastqc --module bbmap --force --outdir /home/sk_ounce/project/QC/Rod_rcc/ChIP-seq/Trimmed/ -c /home/sk_ounce/multiqc_configs/multiqc_config.yaml -n multiqc_trimmed_results /home/sk_ounce/project/QC/Rod_rcc/ChIP-seq/Trimmed/
[2022-11-24 07:34:53,722] multiqc                                            [DEBUG  ]  Latest MultiQC version is v1.13
[2022-11-24 07:34:53,722] multiqc                                            [DEBUG  ]  Working dir : /mnt/d/SK/data/rod-rcc/chip-seq/raw
[2022-11-24 07:34:53,722] multiqc                                            [DEBUG  ]  Template    : default
[2022-11-24 07:34:53,722] multiqc                                            [DEBUG  ]  Running Python 3.9.12 (main, Apr  5 2022, 06:56:58)  [GCC 7.5.0]
[2022-11-24 07:34:53,722] multiqc                                            [INFO   ]  Only using modules: fastqc, bbmap
[2022-11-24 07:34:53,722] multiqc                                            [DEBUG  ]  Analysing modules: fastqc, bbmap, fastqc
[2022-11-24 07:34:53,722] multiqc                                            [DEBUG  ]  Using temporary directory for creating report: /tmp/tmpq53447o8
[2022-11-24 07:34:53,808] multiqc                                            [INFO   ]  Search path : /home/sk_ounce/project/QC/Rod_rcc/ChIP-seq/Trimmed
[2022-11-24 07:34:53,808] multiqc                                            [DEBUG  ]  Ignored 257 search patterns as didn't match running modules.
[2022-11-24 07:34:56,508] multiqc                                            [DEBUG  ]  Summary of files that were skipped by the search: [skipped_no_match: 36]
[2022-11-24 07:34:56,977] multiqc.plots.linegraph                            [DEBUG  ]  Using matplotlib version 3.5.1
[2022-11-24 07:34:56,978] multiqc.plots.bargraph                             [DEBUG  ]  Using matplotlib version 3.5.1
[2022-11-24 07:34:57,023] multiqc.modules.base_module                        [DEBUG  ]  fastqc/zip - Skipping '/home/sk_ounce/project/QC/Rod_rcc/ChIP-seq/Trimmed/786-M1A-input-1_trimmed_fastqc.zip' as it matched the path_filters_exclude for 'FastQC (raw)'
[2022-11-24 07:34:57,024] multiqc.modules.base_module                        [DEBUG  ]  fastqc/zip - Skipping '/home/sk_ounce/project/QC/Rod_rcc/ChIP-seq/Trimmed/786-M1A-input-2_trimmed_fastqc.zip' as it matched the path_filters_exclude for 'FastQC (raw)'
[2022-11-24 07:34:57,024] multiqc.modules.base_module                        [DEBUG  ]  fastqc/zip - Skipping '/home/sk_ounce/project/QC/Rod_rcc/ChIP-seq/Trimmed/786-M1A-input-3_trimmed_fastqc.zip' as it matched the path_filters_exclude for 'FastQC (raw)'
[2022-11-24 07:34:57,024] multiqc.modules.base_module                        [DEBUG  ]  fastqc/zip - Skipping '/home/sk_ounce/project/QC/Rod_rcc/ChIP-seq/Trimmed/786-M1A-k27ac-1_trimmed_fastqc.zip' as it matched the path_filters_exclude for 'FastQC (raw)'
[2022-11-24 07:34:57,024] multiqc.modules.base_module                        [DEBUG  ]  fastqc/zip - Skipping '/home/sk_ounce/project/QC/Rod_rcc/ChIP-seq/Trimmed/786-M1A-k27ac-2_trimmed_fastqc.zip' as it matched the path_filters_exclude for 'FastQC (raw)'
[2022-11-24 07:34:57,024] multiqc.modules.base_module                        [DEBUG  ]  fastqc/zip - Skipping '/home/sk_ounce/project/QC/Rod_rcc/ChIP-seq/Trimmed/786-O-input-1_trimmed_fastqc.zip' as it matched the path_filters_exclude for 'FastQC (raw)'
[2022-11-24 07:34:57,024] multiqc.modules.base_module                        [DEBUG  ]  fastqc/zip - Skipping '/home/sk_ounce/project/QC/Rod_rcc/ChIP-seq/Trimmed/786-O-input-2_trimmed_fastqc.zip' as it matched the path_filters_exclude for 'FastQC (raw)'
[2022-11-24 07:34:57,024] multiqc.modules.base_module                        [DEBUG  ]  fastqc/zip - Skipping '/home/sk_ounce/project/QC/Rod_rcc/ChIP-seq/Trimmed/786-O-input-3_trimmed_fastqc.zip' as it matched the path_filters_exclude for 'FastQC (raw)'
[2022-11-24 07:34:57,024] multiqc.modules.base_module                        [DEBUG  ]  fastqc/zip - Skipping '/home/sk_ounce/project/QC/Rod_rcc/ChIP-seq/Trimmed/786-O-k27ac-1_trimmed_fastqc.zip' as it matched the path_filters_exclude for 'FastQC (raw)'
[2022-11-24 07:34:57,024] multiqc.modules.base_module                        [DEBUG  ]  fastqc/zip - Skipping '/home/sk_ounce/project/QC/Rod_rcc/ChIP-seq/Trimmed/786-O-k27ac-2_trimmed_fastqc.zip' as it matched the path_filters_exclude for 'FastQC (raw)'
[2022-11-24 07:34:57,024] multiqc.modules.base_module                        [DEBUG  ]  fastqc/zip - Skipping '/home/sk_ounce/project/QC/Rod_rcc/ChIP-seq/Trimmed/OS-LM1-input-1_trimmed_fastqc.zip' as it matched the path_filters_exclude for 'FastQC (raw)'
[2022-11-24 07:34:57,024] multiqc.modules.base_module                        [DEBUG  ]  fastqc/zip - Skipping '/home/sk_ounce/project/QC/Rod_rcc/ChIP-seq/Trimmed/OS-LM1-input-2_trimmed_fastqc.zip' as it matched the path_filters_exclude for 'FastQC (raw)'
[2022-11-24 07:34:57,024] multiqc.modules.base_module                        [DEBUG  ]  fastqc/zip - Skipping '/home/sk_ounce/project/QC/Rod_rcc/ChIP-seq/Trimmed/OS-LM1-k27ac-1_trimmed_fastqc.zip' as it matched the path_filters_exclude for 'FastQC (raw)'
[2022-11-24 07:34:57,024] multiqc.modules.base_module                        [DEBUG  ]  fastqc/zip - Skipping '/home/sk_ounce/project/QC/Rod_rcc/ChIP-seq/Trimmed/OS-LM1-k27ac-2_trimmed_fastqc.zip' as it matched the path_filters_exclude for 'FastQC (raw)'
[2022-11-24 07:34:57,024] multiqc.modules.base_module                        [DEBUG  ]  fastqc/zip - Skipping '/home/sk_ounce/project/QC/Rod_rcc/ChIP-seq/Trimmed/OS-RC2-input-1_trimmed_fastqc.zip' as it matched the path_filters_exclude for 'FastQC (raw)'
[2022-11-24 07:34:57,024] multiqc.modules.base_module                        [DEBUG  ]  fastqc/zip - Skipping '/home/sk_ounce/project/QC/Rod_rcc/ChIP-seq/Trimmed/OS-RC2-input-2_trimmed_fastqc.zip' as it matched the path_filters_exclude for 'FastQC (raw)'
[2022-11-24 07:34:57,024] multiqc.modules.base_module                        [DEBUG  ]  fastqc/zip - Skipping '/home/sk_ounce/project/QC/Rod_rcc/ChIP-seq/Trimmed/OS-RC2-k27ac-1_trimmed_fastqc.zip' as it matched the path_filters_exclude for 'FastQC (raw)'
[2022-11-24 07:34:57,024] multiqc.modules.base_module                        [DEBUG  ]  fastqc/zip - Skipping '/home/sk_ounce/project/QC/Rod_rcc/ChIP-seq/Trimmed/OS-RC2-k27ac-2_trimmed_fastqc.zip' as it matched the path_filters_exclude for 'FastQC (raw)'
[2022-11-24 07:34:57,024] multiqc                                            [DEBUG  ]  No samples found: fastqc
[2022-11-24 07:34:57,026] multiqc.modules.base_module                        [DEBUG  ]  fastqc/zip - Selecting '/home/sk_ounce/project/QC/Rod_rcc/ChIP-seq/Trimmed/786-M1A-input-1_trimmed_fastqc.zip' as it matched the path_filters for 'FastQC (trimmed)'
[2022-11-24 07:34:57,054] multiqc.modules.base_module                        [DEBUG  ]  fastqc/zip - Selecting '/home/sk_ounce/project/QC/Rod_rcc/ChIP-seq/Trimmed/786-M1A-input-2_trimmed_fastqc.zip' as it matched the path_filters for 'FastQC (trimmed)'
[2022-11-24 07:34:57,070] multiqc.modules.base_module                        [DEBUG  ]  fastqc/zip - Selecting '/home/sk_ounce/project/QC/Rod_rcc/ChIP-seq/Trimmed/786-M1A-input-3_trimmed_fastqc.zip' as it matched the path_filters for 'FastQC (trimmed)'
[2022-11-24 07:34:57,078] multiqc.modules.base_module                        [DEBUG  ]  fastqc/zip - Selecting '/home/sk_ounce/project/QC/Rod_rcc/ChIP-seq/Trimmed/786-M1A-k27ac-1_trimmed_fastqc.zip' as it matched the path_filters for 'FastQC (trimmed)'
[2022-11-24 07:34:57,093] multiqc.modules.base_module                        [DEBUG  ]  fastqc/zip - Selecting '/home/sk_ounce/project/QC/Rod_rcc/ChIP-seq/Trimmed/786-M1A-k27ac-2_trimmed_fastqc.zip' as it matched the path_filters for 'FastQC (trimmed)'
[2022-11-24 07:34:57,101] multiqc.modules.base_module                        [DEBUG  ]  fastqc/zip - Selecting '/home/sk_ounce/project/QC/Rod_rcc/ChIP-seq/Trimmed/786-O-input-1_trimmed_fastqc.zip' as it matched the path_filters for 'FastQC (trimmed)'
[2022-11-24 07:34:57,117] multiqc.modules.base_module                        [DEBUG  ]  fastqc/zip - Selecting '/home/sk_ounce/project/QC/Rod_rcc/ChIP-seq/Trimmed/786-O-input-2_trimmed_fastqc.zip' as it matched the path_filters for 'FastQC (trimmed)'
[2022-11-24 07:34:57,135] multiqc.modules.base_module                        [DEBUG  ]  fastqc/zip - Selecting '/home/sk_ounce/project/QC/Rod_rcc/ChIP-seq/Trimmed/786-O-input-3_trimmed_fastqc.zip' as it matched the path_filters for 'FastQC (trimmed)'
[2022-11-24 07:34:57,144] multiqc.modules.base_module                        [DEBUG  ]  fastqc/zip - Selecting '/home/sk_ounce/project/QC/Rod_rcc/ChIP-seq/Trimmed/786-O-k27ac-1_trimmed_fastqc.zip' as it matched the path_filters for 'FastQC (trimmed)'
[2022-11-24 07:34:57,159] multiqc.modules.base_module                        [DEBUG  ]  fastqc/zip - Selecting '/home/sk_ounce/project/QC/Rod_rcc/ChIP-seq/Trimmed/786-O-k27ac-2_trimmed_fastqc.zip' as it matched the path_filters for 'FastQC (trimmed)'
[2022-11-24 07:34:57,168] multiqc.modules.base_module                        [DEBUG  ]  fastqc/zip - Selecting '/home/sk_ounce/project/QC/Rod_rcc/ChIP-seq/Trimmed/OS-LM1-input-1_trimmed_fastqc.zip' as it matched the path_filters for 'FastQC (trimmed)'
[2022-11-24 07:34:57,182] multiqc.modules.base_module                        [DEBUG  ]  fastqc/zip - Selecting '/home/sk_ounce/project/QC/Rod_rcc/ChIP-seq/Trimmed/OS-LM1-input-2_trimmed_fastqc.zip' as it matched the path_filters for 'FastQC (trimmed)'
[2022-11-24 07:34:57,199] multiqc.modules.base_module                        [DEBUG  ]  fastqc/zip - Selecting '/home/sk_ounce/project/QC/Rod_rcc/ChIP-seq/Trimmed/OS-LM1-k27ac-1_trimmed_fastqc.zip' as it matched the path_filters for 'FastQC (trimmed)'
[2022-11-24 07:34:57,206] multiqc.modules.base_module                        [DEBUG  ]  fastqc/zip - Selecting '/home/sk_ounce/project/QC/Rod_rcc/ChIP-seq/Trimmed/OS-LM1-k27ac-2_trimmed_fastqc.zip' as it matched the path_filters for 'FastQC (trimmed)'
[2022-11-24 07:34:57,211] multiqc.modules.base_module                        [DEBUG  ]  fastqc/zip - Selecting '/home/sk_ounce/project/QC/Rod_rcc/ChIP-seq/Trimmed/OS-RC2-input-1_trimmed_fastqc.zip' as it matched the path_filters for 'FastQC (trimmed)'
[2022-11-24 07:34:57,224] multiqc.modules.base_module                        [DEBUG  ]  fastqc/zip - Selecting '/home/sk_ounce/project/QC/Rod_rcc/ChIP-seq/Trimmed/OS-RC2-input-2_trimmed_fastqc.zip' as it matched the path_filters for 'FastQC (trimmed)'
[2022-11-24 07:34:57,241] multiqc.modules.base_module                        [DEBUG  ]  fastqc/zip - Selecting '/home/sk_ounce/project/QC/Rod_rcc/ChIP-seq/Trimmed/OS-RC2-k27ac-1_trimmed_fastqc.zip' as it matched the path_filters for 'FastQC (trimmed)'
[2022-11-24 07:34:57,249] multiqc.modules.base_module                        [DEBUG  ]  fastqc/zip - Selecting '/home/sk_ounce/project/QC/Rod_rcc/ChIP-seq/Trimmed/OS-RC2-k27ac-2_trimmed_fastqc.zip' as it matched the path_filters for 'FastQC (trimmed)'
[2022-11-24 07:34:57,254] multiqc.modules.fastqc.fastqc                      [INFO   ]  Found 18 reports
[2022-11-24 07:34:57,363] multiqc                                            [INFO   ]  Compressing plot data
[2022-11-24 07:34:57,525] multiqc                                            [INFO   ]  Report      : ../../../../../../../home/sk_ounce/project/QC/Rod_rcc/ChIP-seq/Trimmed/multiqc_trimmed_results.html
[2022-11-24 07:34:57,526] multiqc                                            [INFO   ]  Data        : ../../../../../../../home/sk_ounce/project/QC/Rod_rcc/ChIP-seq/Trimmed/multiqc_trimmed_results_data
[2022-11-24 07:34:57,526] multiqc                                            [DEBUG  ]  Moving data file from '/tmp/tmpq53447o8/multiqc_data' to '/home/sk_ounce/project/QC/Rod_rcc/ChIP-seq/Trimmed/multiqc_trimmed_results_data'
[2022-11-24 07:34:57,691] multiqc                                            [INFO   ]  MultiQC complete
