[2022-11-25 08:15:40,112] multiqc                                            [DEBUG  ]  This is MultiQC v1.13
[2022-11-25 08:15:40,115] multiqc                                            [DEBUG  ]  Loading config settings from: /home/sk_ounce/multiqc_configs/multiqc_config.yaml
[2022-11-25 08:15:40,116] multiqc                                            [DEBUG  ]  New config: {'module_order': [{'fastqc': {'name': 'FastQC (raw)', 'path_filters': ['*_fastqc.zip'], 'path_filters_exclude': ['*_trimmed_fastqc.zip']}}, 'bbmap', {'fastqc': {'name': 'FastQC (trimmed)', 'info': 'This section of the report shows FastQC results after adapter trimming.', 'target': '', 'path_filters': ['*_trimmed_fastqc.zip']}}, 'hisat2', 'bowtie2', 'rna_seqc', 'sambamba', 'samtools', 'featureCounts', 'homer', 'macs2']}
[2022-11-25 08:15:40,116] multiqc                                            [DEBUG  ]  Command used: /home/sk_ounce/anaconda3/bin/multiqc --module hisat2 --module rna_seqc -o /home/sk_ounce/project/QC/Rod_rcc/RNA-seq/Post-align/ -n multiqc_alignment_results -c /home/sk_ounce/multiqc_configs/multiqc_config.yaml /mnt/d/SK/data/rod-rcc/rna-seq/aligned/ /home/sk_ounce/project/QC/Rod_rcc/RNA-seq/Post-align/
[2022-11-25 08:15:41,008] multiqc                                            [DEBUG  ]  Latest MultiQC version is v1.13
[2022-11-25 08:15:41,008] multiqc                                            [DEBUG  ]  Working dir : /mnt/d/SK/data/rod-rcc/rna-seq/trimmed
[2022-11-25 08:15:41,008] multiqc                                            [DEBUG  ]  Template    : default
[2022-11-25 08:15:41,008] multiqc                                            [DEBUG  ]  Running Python 3.9.12 (main, Apr  5 2022, 06:56:58)  [GCC 7.5.0]
[2022-11-25 08:15:41,009] multiqc                                            [INFO   ]  Only using modules: hisat2, rna_seqc
[2022-11-25 08:15:41,009] multiqc                                            [DEBUG  ]  Analysing modules: hisat2, rna_seqc
[2022-11-25 08:15:41,010] multiqc                                            [DEBUG  ]  Using temporary directory for creating report: /tmp/tmpfuvneq9g
[2022-11-25 08:15:41,118] multiqc                                            [INFO   ]  Search path : /mnt/d/SK/data/rod-rcc/rna-seq/aligned
[2022-11-25 08:15:41,118] multiqc                                            [INFO   ]  Search path : /home/sk_ounce/project/QC/Rod_rcc/RNA-seq/Post-align
[2022-11-25 08:15:41,118] multiqc                                            [DEBUG  ]  Ignored 275 search patterns as didn't match running modules.
[2022-11-25 08:15:45,013] multiqc                                            [DEBUG  ]  Summary of files that were skipped by the search: [skipped_no_match: 40] // [skipped_ignore_pattern: 8] // [skipped_filesize_limit: 8]
[2022-11-25 08:15:45,614] multiqc.plots.bargraph                             [DEBUG  ]  Using matplotlib version 3.5.1
[2022-11-25 08:15:45,678] multiqc.modules.hisat2.hisat2                      [INFO   ]  Found 8 reports
[2022-11-25 08:15:45,685] multiqc.plots.linegraph                            [DEBUG  ]  Using matplotlib version 3.5.1
[2022-11-25 08:15:45,713] multiqc.modules.rna_seqc.rna_seqc                  [INFO   ]  Found 8 samples
[2022-11-25 08:15:45,716] multiqc.plots.bargraph                             [WARNING]  Tried to make bar plot, but had no data: rna_seqc_strandedness_plot
[2022-11-25 08:15:45,723] multiqc                                            [INFO   ]  Compressing plot data
[2022-11-25 08:15:45,744] multiqc                                            [INFO   ]  Report      : ../../../../../../../home/sk_ounce/project/QC/Rod_rcc/RNA-seq/Post-align/multiqc_alignment_results.html
[2022-11-25 08:15:45,744] multiqc                                            [INFO   ]  Data        : ../../../../../../../home/sk_ounce/project/QC/Rod_rcc/RNA-seq/Post-align/multiqc_alignment_results_data
[2022-11-25 08:15:45,745] multiqc                                            [DEBUG  ]  Moving data file from '/tmp/tmpfuvneq9g/multiqc_data' to '/home/sk_ounce/project/QC/Rod_rcc/RNA-seq/Post-align/multiqc_alignment_results_data'
[2022-11-25 08:15:45,911] multiqc                                            [INFO   ]  MultiQC complete
